Using pre-set license
Built from '2020.3/staging' branch; Version is '2020.3.19f1 (68f137dc9bbe) revision 6877495'; Using compiler version '192528614'; Build Type 'Release'
OS: 'Windows 10 Home; OS build 19043.1288; Version 2009; 64bit' Language: 'en' Physical Memory: 16230 MB
BatchMode: 1, IsHumanControllingUs: 0, StartBugReporterOnCrash: 0, Is64bit: 1, IsPro: 0

COMMAND LINE ARGUMENTS:
C:\Program Files\Unity\Hub\Editor\2020.3.19f1\Editor\Unity.exe
-adb2
-batchMode
-noUpm
-name
AssetImportWorker0
-projectPath
C:/Users/Axel/UnityProjects/Game3D
-logFile
Logs/AssetImportWorker0.log
-srvPort
64705
Successfully changed project path to: C:/Users/Axel/UnityProjects/Game3D
C:/Users/Axel/UnityProjects/Game3D
Using Asset Import Pipeline V2.
Refreshing native plugins compatible for Editor in 66.78 ms, found 6 plugins.
Preloading 0 native plugins for Editor in 0.00 ms.
Initialize engine version: 2020.3.19f1 (68f137dc9bbe)
[Subsystems] Discovering subsystems at path C:/Program Files/Unity/Hub/Editor/2020.3.19f1/Editor/Data/Resources/UnitySubsystems
[Subsystems] Discovering subsystems at path C:/Users/Axel/UnityProjects/Game3D/Assets
GfxDevice: creating device client; threaded=0
Direct3D:
    Version:  Direct3D 11.0 [level 11.1]
    Renderer: NVIDIA GeForce GTX 1650 with Max-Q Design (ID=0x1f91)
    Vendor:   
    VRAM:     3962 MB
    Driver:   30.0.14.9649
Initialize mono
Mono path[0] = 'C:/Program Files/Unity/Hub/Editor/2020.3.19f1/Editor/Data/Managed'
Mono path[1] = 'C:/Program Files/Unity/Hub/Editor/2020.3.19f1/Editor/Data/MonoBleedingEdge/lib/mono/unityjit'
Mono config path = 'C:/Program Files/Unity/Hub/Editor/2020.3.19f1/Editor/Data/MonoBleedingEdge/etc'
Using monoOptions --debugger-agent=transport=dt_socket,embedding=1,server=y,suspend=n,address=127.0.0.1:56732
Begin MonoManager ReloadAssembly
Registering precompiled unity dll's ...
Register platform support module: C:/Program Files/Unity/Hub/Editor/2020.3.19f1/Editor/Data/PlaybackEngines/WindowsStandaloneSupport/UnityEditor.WindowsStandalone.Extensions.dll
Registered in 0.001839 seconds.
Native extension for WindowsStandalone target not found
Refreshing native plugins compatible for Editor in 57.58 ms, found 6 plugins.
Preloading 0 native plugins for Editor in 0.00 ms.
Mono: successfully reloaded assembly
- Completed reload, in  1.041 seconds
Domain Reload Profiling:
	ReloadAssembly (1042ms)
		BeginReloadAssembly (50ms)
			ExecutionOrderSort (0ms)
			DisableScriptedObjects (0ms)
			BackupInstance (0ms)
			ReleaseScriptingObjects (0ms)
			CreateAndSetChildDomain (1ms)
		EndReloadAssembly (427ms)
			LoadAssemblies (48ms)
			RebuildTransferFunctionScriptingTraits (0ms)
			SetupTypeCache (148ms)
			ReleaseScriptCaches (0ms)
			RebuildScriptCaches (31ms)
			SetupLoadedEditorAssemblies (179ms)
				LogAssemblyErrors (0ms)
				InitializePlatformSupportModulesInManaged (4ms)
				SetLoadedEditorAssemblies (0ms)
				RefreshPlugins (58ms)
				BeforeProcessingInitializeOnLoad (16ms)
				ProcessInitializeOnLoadAttributes (75ms)
				ProcessInitializeOnLoadMethodAttributes (26ms)
				AfterProcessingInitializeOnLoad (0ms)
				EditorAssembliesLoaded (0ms)
			ExecutionOrderSort2 (0ms)
			AwakeInstancesAfterBackupRestoration (0ms)
Platform modules already initialized, skipping
Registering precompiled user dll's ...
Registered in 0.005233 seconds.
Begin MonoManager ReloadAssembly
Native extension for WindowsStandalone target not found
Refreshing native plugins compatible for Editor in 58.05 ms, found 6 plugins.
Preloading 0 native plugins for Editor in 0.00 ms.
Mono: successfully reloaded assembly
Fallback handler could not load library C:/Program Files/Unity/Hub/Editor/2020.3.19f1/Editor/Data/Mono/lib/libdl
Fallback handler could not load library C:/Program Files/Unity/Hub/Editor/2020.3.19f1/Editor/Data/Mono/lib/libdl.dll
Fallback handler could not load library C:/Program Files/Unity/Hub/Editor/2020.3.19f1/Editor/Data/Mono/lib/libdl
Fallback handler could not load library C:/Program Files/Unity/Hub/Editor/2020.3.19f1/Editor/Data/Mono/lib/libdl
Fallback handler could not load library C:/Program Files/Unity/Hub/Editor/2020.3.19f1/Editor/Data/Mono/lib/libdl.dll
Fallback handler could not load library C:/Program Files/Unity/Hub/Editor/2020.3.19f1/Editor/Data/Mono/lib/libdl
- Completed reload, in  1.691 seconds
Domain Reload Profiling:
	ReloadAssembly (1692ms)
		BeginReloadAssembly (139ms)
			ExecutionOrderSort (0ms)
			DisableScriptedObjects (4ms)
			BackupInstance (0ms)
			ReleaseScriptingObjects (0ms)
			CreateAndSetChildDomain (16ms)
		EndReloadAssembly (1491ms)
			LoadAssemblies (87ms)
			RebuildTransferFunctionScriptingTraits (0ms)
			SetupTypeCache (330ms)
			ReleaseScriptCaches (1ms)
			RebuildScriptCaches (54ms)
			SetupLoadedEditorAssemblies (871ms)
				LogAssemblyErrors (0ms)
				InitializePlatformSupportModulesInManaged (5ms)
				SetLoadedEditorAssemblies (0ms)
				RefreshPlugins (58ms)
				BeforeProcessingInitializeOnLoad (86ms)
				ProcessInitializeOnLoadAttributes (711ms)
				ProcessInitializeOnLoadMethodAttributes (5ms)
				AfterProcessingInitializeOnLoad (6ms)
				EditorAssembliesLoaded (0ms)
			ExecutionOrderSort2 (0ms)
			AwakeInstancesAfterBackupRestoration (7ms)
Platform modules already initialized, skipping
========================================================================
Worker process is ready to serve import requests
Launched and connected shader compiler UnityShaderCompiler.exe after 0.06 seconds
Refreshing native plugins compatible for Editor in 0.82 ms, found 6 plugins.
Preloading 0 native plugins for Editor in 0.00 ms.
Unloading 3093 Unused Serialized files (Serialized files now loaded: 0)
System memory in use before: 219.6 MB.
System memory in use after: 219.8 MB.

Unloading 53 unused Assets to reduce memory usage. Loaded Objects now: 3528.
Total: 3.762800 ms (FindLiveObjects: 0.248000 ms CreateObjectMapping: 0.134800 ms MarkObjects: 3.349500 ms  DeleteObjects: 0.029800 ms)

AssetImportParameters requested are different than current active one (requested -> active):
  custom:framework-win-MediaFoundation: 216162199b28c13a410421893ffa2e32 -> 
  custom:video-decoder-ogg-theora: a1e56fd34408186e4bbccfd4996cb3dc -> 
  custom:container-muxer-webm: aa71ff27fc2769a1b78a27578f13a17b -> 
  custom:container-demuxer-webm: 4f35f7cbe854078d1ac9338744f61a02 -> 
  custom:container-demuxer-ogg: 62fdf1f143b41e24485cea50d1cbac27 -> 
  custom:video-encoder-webm-vp8: eb34c28f22e8b96e1ab97ce403110664 -> 
  custom:video-decoder-webm-vp8: 9c59270c3fd7afecdb556c50c9e8de78 -> 
  custom:audio-decoder-ogg-vorbis: bf7c407c2cedff20999df2af8eb42d56 -> 
  custom:audio-encoder-webm-vorbis: bf7c407c2cedff20999df2af8eb42d56 -> 
========================================================================
Received Import Request.
  path: Assets/Prefabs/ReferenceChoice.prefab
  artifactKey: Guid(f784b0e7d853de442adc681c95b950dc) Importer(815301076,1909f56bfc062723c751e8b465ee728b)
Start importing Assets/Prefabs/ReferenceChoice.prefab using Guid(f784b0e7d853de442adc681c95b950dc) Importer(815301076,1909f56bfc062723c751e8b465ee728b)  -> (artifact id: '9dcde60abfdf2ee70d55f16445eaabd5') in 0.057283 seconds 
  Import took 0.063093 seconds .

========================================================================
Received Prepare
Registering precompiled user dll's ...
Registered in 0.004911 seconds.
Begin MonoManager ReloadAssembly
Fallback handler could not load library C:/Program Files/Unity/Hub/Editor/2020.3.19f1/Editor/Data/Mono/lib/libdl
Fallback handler could not load library C:/Program Files/Unity/Hub/Editor/2020.3.19f1/Editor/Data/Mono/lib/libdl.dll
Fallback handler could not load library C:/Program Files/Unity/Hub/Editor/2020.3.19f1/Editor/Data/Mono/lib/libdl
Native extension for WindowsStandalone target not found
Refreshing native plugins compatible for Editor in 0.85 ms, found 6 plugins.
Preloading 0 native plugins for Editor in 0.00 ms.
Mono: successfully reloaded assembly
Fallback handler could not load library C:/Program Files/Unity/Hub/Editor/2020.3.19f1/Editor/Data/Mono/lib/libdl
Fallback handler could not load library C:/Program Files/Unity/Hub/Editor/2020.3.19f1/Editor/Data/Mono/lib/libdl.dll
Fallback handler could not load library C:/Program Files/Unity/Hub/Editor/2020.3.19f1/Editor/Data/Mono/lib/libdl
Fallback handler could not load library C:/Program Files/Unity/Hub/Editor/2020.3.19f1/Editor/Data/Mono/lib/libdl
Fallback handler could not load library C:/Program Files/Unity/Hub/Editor/2020.3.19f1/Editor/Data/Mono/lib/libdl.dll
Fallback handler could not load library C:/Program Files/Unity/Hub/Editor/2020.3.19f1/Editor/Data/Mono/lib/libdl
- Completed reload, in  1.204 seconds
Domain Reload Profiling:
	ReloadAssembly (1205ms)
		BeginReloadAssembly (163ms)
			ExecutionOrderSort (0ms)
			DisableScriptedObjects (5ms)
			BackupInstance (0ms)
			ReleaseScriptingObjects (0ms)
			CreateAndSetChildDomain (36ms)
		EndReloadAssembly (980ms)
			LoadAssemblies (86ms)
			RebuildTransferFunctionScriptingTraits (0ms)
			SetupTypeCache (305ms)
			ReleaseScriptCaches (1ms)
			RebuildScriptCaches (46ms)
			SetupLoadedEditorAssemblies (417ms)
				LogAssemblyErrors (0ms)
				InitializePlatformSupportModulesInManaged (5ms)
				SetLoadedEditorAssemblies (0ms)
				RefreshPlugins (1ms)
				BeforeProcessingInitializeOnLoad (87ms)
				ProcessInitializeOnLoadAttributes (314ms)
				ProcessInitializeOnLoadMethodAttributes (4ms)
				AfterProcessingInitializeOnLoad (6ms)
				EditorAssembliesLoaded (0ms)
			ExecutionOrderSort2 (0ms)
			AwakeInstancesAfterBackupRestoration (6ms)
Platform modules already initialized, skipping
Refreshing native plugins compatible for Editor in 0.84 ms, found 6 plugins.
Preloading 0 native plugins for Editor in 0.00 ms.
Unloading 2991 Unused Serialized files (Serialized files now loaded: 0)
System memory in use before: 210.0 MB.
System memory in use after: 210.2 MB.

Unloading 49 unused Assets to reduce memory usage. Loaded Objects now: 3532.
Total: 4.330700 ms (FindLiveObjects: 0.272500 ms CreateObjectMapping: 0.129800 ms MarkObjects: 3.903500 ms  DeleteObjects: 0.024100 ms)

AssetImportParameters requested are different than current active one (requested -> active):
  custom:framework-win-MediaFoundation: 216162199b28c13a410421893ffa2e32 -> 
  custom:video-decoder-ogg-theora: a1e56fd34408186e4bbccfd4996cb3dc -> 
  custom:container-muxer-webm: aa71ff27fc2769a1b78a27578f13a17b -> 
  custom:container-demuxer-webm: 4f35f7cbe854078d1ac9338744f61a02 -> 
  custom:container-demuxer-ogg: 62fdf1f143b41e24485cea50d1cbac27 -> 
  custom:video-encoder-webm-vp8: eb34c28f22e8b96e1ab97ce403110664 -> 
  custom:video-decoder-webm-vp8: 9c59270c3fd7afecdb556c50c9e8de78 -> 
  custom:audio-decoder-ogg-vorbis: bf7c407c2cedff20999df2af8eb42d56 -> 
  custom:audio-encoder-webm-vorbis: bf7c407c2cedff20999df2af8eb42d56 -> 
========================================================================
Received Prepare
Registering precompiled user dll's ...
Registered in 0.004964 seconds.
Begin MonoManager ReloadAssembly
Fallback handler could not load library C:/Program Files/Unity/Hub/Editor/2020.3.19f1/Editor/Data/Mono/lib/libdl
Fallback handler could not load library C:/Program Files/Unity/Hub/Editor/2020.3.19f1/Editor/Data/Mono/lib/libdl.dll
Fallback handler could not load library C:/Program Files/Unity/Hub/Editor/2020.3.19f1/Editor/Data/Mono/lib/libdl
Native extension for WindowsStandalone target not found
Refreshing native plugins compatible for Editor in 0.84 ms, found 6 plugins.
Preloading 0 native plugins for Editor in 0.00 ms.
Mono: successfully reloaded assembly
Fallback handler could not load library C:/Program Files/Unity/Hub/Editor/2020.3.19f1/Editor/Data/Mono/lib/libdl
Fallback handler could not load library C:/Program Files/Unity/Hub/Editor/2020.3.19f1/Editor/Data/Mono/lib/libdl.dll
Fallback handler could not load library C:/Program Files/Unity/Hub/Editor/2020.3.19f1/Editor/Data/Mono/lib/libdl
Fallback handler could not load library C:/Program Files/Unity/Hub/Editor/2020.3.19f1/Editor/Data/Mono/lib/libdl
Fallback handler could not load library C:/Program Files/Unity/Hub/Editor/2020.3.19f1/Editor/Data/Mono/lib/libdl.dll
Fallback handler could not load library C:/Program Files/Unity/Hub/Editor/2020.3.19f1/Editor/Data/Mono/lib/libdl
- Completed reload, in  1.232 seconds
Domain Reload Profiling:
	ReloadAssembly (1233ms)
		BeginReloadAssembly (168ms)
			ExecutionOrderSort (0ms)
			DisableScriptedObjects (4ms)
			BackupInstance (0ms)
			ReleaseScriptingObjects (0ms)
			CreateAndSetChildDomain (34ms)
		EndReloadAssembly (999ms)
			LoadAssemblies (90ms)
			RebuildTransferFunctionScriptingTraits (0ms)
			SetupTypeCache (312ms)
			ReleaseScriptCaches (1ms)
			RebuildScriptCaches (47ms)
			SetupLoadedEditorAssemblies (425ms)
				LogAssemblyErrors (0ms)
				InitializePlatformSupportModulesInManaged (5ms)
				SetLoadedEditorAssemblies (0ms)
				RefreshPlugins (1ms)
				BeforeProcessingInitializeOnLoad (87ms)
				ProcessInitializeOnLoadAttributes (323ms)
				ProcessInitializeOnLoadMethodAttributes (4ms)
				AfterProcessingInitializeOnLoad (6ms)
				EditorAssembliesLoaded (0ms)
			ExecutionOrderSort2 (0ms)
			AwakeInstancesAfterBackupRestoration (6ms)
Platform modules already initialized, skipping
Refreshing native plugins compatible for Editor in 0.85 ms, found 6 plugins.
Preloading 0 native plugins for Editor in 0.00 ms.
Unloading 2991 Unused Serialized files (Serialized files now loaded: 0)
System memory in use before: 210.0 MB.
System memory in use after: 210.2 MB.

Unloading 49 unused Assets to reduce memory usage. Loaded Objects now: 3534.
Total: 4.303200 ms (FindLiveObjects: 0.310300 ms CreateObjectMapping: 0.143800 ms MarkObjects: 3.822600 ms  DeleteObjects: 0.025700 ms)

AssetImportParameters requested are different than current active one (requested -> active):
  custom:framework-win-MediaFoundation: 216162199b28c13a410421893ffa2e32 -> 
  custom:video-decoder-ogg-theora: a1e56fd34408186e4bbccfd4996cb3dc -> 
  custom:container-muxer-webm: aa71ff27fc2769a1b78a27578f13a17b -> 
  custom:container-demuxer-webm: 4f35f7cbe854078d1ac9338744f61a02 -> 
  custom:container-demuxer-ogg: 62fdf1f143b41e24485cea50d1cbac27 -> 
  custom:video-encoder-webm-vp8: eb34c28f22e8b96e1ab97ce403110664 -> 
  custom:video-decoder-webm-vp8: 9c59270c3fd7afecdb556c50c9e8de78 -> 
  custom:audio-decoder-ogg-vorbis: bf7c407c2cedff20999df2af8eb42d56 -> 
  custom:audio-encoder-webm-vorbis: bf7c407c2cedff20999df2af8eb42d56 -> 
========================================================================
Received Prepare
Registering precompiled user dll's ...
Registered in 0.005061 seconds.
Begin MonoManager ReloadAssembly
Fallback handler could not load library C:/Program Files/Unity/Hub/Editor/2020.3.19f1/Editor/Data/Mono/lib/libdl
Fallback handler could not load library C:/Program Files/Unity/Hub/Editor/2020.3.19f1/Editor/Data/Mono/lib/libdl.dll
Fallback handler could not load library C:/Program Files/Unity/Hub/Editor/2020.3.19f1/Editor/Data/Mono/lib/libdl
Native extension for WindowsStandalone target not found
Refreshing native plugins compatible for Editor in 0.83 ms, found 6 plugins.
Preloading 0 native plugins for Editor in 0.00 ms.
Mono: successfully reloaded assembly
Fallback handler could not load library C:/Program Files/Unity/Hub/Editor/2020.3.19f1/Editor/Data/Mono/lib/libdl
Fallback handler could not load library C:/Program Files/Unity/Hub/Editor/2020.3.19f1/Editor/Data/Mono/lib/libdl.dll
Fallback handler could not load library C:/Program Files/Unity/Hub/Editor/2020.3.19f1/Editor/Data/Mono/lib/libdl
Fallback handler could not load library C:/Program Files/Unity/Hub/Editor/2020.3.19f1/Editor/Data/Mono/lib/libdl
Fallback handler could not load library C:/Program Files/Unity/Hub/Editor/2020.3.19f1/Editor/Data/Mono/lib/libdl.dll
Fallback handler could not load library C:/Program Files/Unity/Hub/Editor/2020.3.19f1/Editor/Data/Mono/lib/libdl
- Completed reload, in  1.203 seconds
Domain Reload Profiling:
	ReloadAssembly (1203ms)
		BeginReloadAssembly (149ms)
			ExecutionOrderSort (0ms)
			DisableScriptedObjects (4ms)
			BackupInstance (0ms)
			ReleaseScriptingObjects (0ms)
			CreateAndSetChildDomain (38ms)
		EndReloadAssembly (988ms)
			LoadAssemblies (90ms)
			RebuildTransferFunctionScriptingTraits (0ms)
			SetupTypeCache (312ms)
			ReleaseScriptCaches (1ms)
			RebuildScriptCaches (47ms)
			SetupLoadedEditorAssemblies (422ms)
				LogAssemblyErrors (0ms)
				InitializePlatformSupportModulesInManaged (5ms)
				SetLoadedEditorAssemblies (0ms)
				RefreshPlugins (1ms)
				BeforeProcessingInitializeOnLoad (86ms)
				ProcessInitializeOnLoadAttributes (320ms)
				ProcessInitializeOnLoadMethodAttributes (4ms)
				AfterProcessingInitializeOnLoad (6ms)
				EditorAssembliesLoaded (0ms)
			ExecutionOrderSort2 (0ms)
			AwakeInstancesAfterBackupRestoration (6ms)
Platform modules already initialized, skipping
Refreshing native plugins compatible for Editor in 0.84 ms, found 6 plugins.
Preloading 0 native plugins for Editor in 0.00 ms.
Unloading 2991 Unused Serialized files (Serialized files now loaded: 0)
System memory in use before: 210.0 MB.
System memory in use after: 210.3 MB.

Unloading 49 unused Assets to reduce memory usage. Loaded Objects now: 3536.
Total: 4.325700 ms (FindLiveObjects: 0.307900 ms CreateObjectMapping: 0.138500 ms MarkObjects: 3.853000 ms  DeleteObjects: 0.025400 ms)

AssetImportParameters requested are different than current active one (requested -> active):
  custom:framework-win-MediaFoundation: 216162199b28c13a410421893ffa2e32 -> 
  custom:video-decoder-ogg-theora: a1e56fd34408186e4bbccfd4996cb3dc -> 
  custom:container-muxer-webm: aa71ff27fc2769a1b78a27578f13a17b -> 
  custom:container-demuxer-webm: 4f35f7cbe854078d1ac9338744f61a02 -> 
  custom:container-demuxer-ogg: 62fdf1f143b41e24485cea50d1cbac27 -> 
  custom:video-encoder-webm-vp8: eb34c28f22e8b96e1ab97ce403110664 -> 
  custom:video-decoder-webm-vp8: 9c59270c3fd7afecdb556c50c9e8de78 -> 
  custom:audio-decoder-ogg-vorbis: bf7c407c2cedff20999df2af8eb42d56 -> 
  custom:audio-encoder-webm-vorbis: bf7c407c2cedff20999df2af8eb42d56 -> 
========================================================================
Received Import Request.
  Time since last request: 300.543288 seconds.
  path: Assets/Scripts/PlayerStates
  artifactKey: Guid(7fae221de7e3b9d459000fd606992920) Importer(815301076,1909f56bfc062723c751e8b465ee728b)
Start importing Assets/Scripts/PlayerStates using Guid(7fae221de7e3b9d459000fd606992920) Importer(815301076,1909f56bfc062723c751e8b465ee728b)  -> (artifact id: '0b8c2cd4ba523f0c8569e632c7a97b96') in 0.014211 seconds 
  Import took 0.020223 seconds .

========================================================================
Received Import Request.
  Time since last request: 0.798994 seconds.
  path: Assets/Scripts/PlayerStates/Player.cs
  artifactKey: Guid(5e61bfccdddcaae48952da07b247a2d3) Importer(815301076,1909f56bfc062723c751e8b465ee728b)
Start importing Assets/Scripts/PlayerStates/Player.cs using Guid(5e61bfccdddcaae48952da07b247a2d3) Importer(815301076,1909f56bfc062723c751e8b465ee728b)  -> (artifact id: '4b12a67747c7175424c1b1d8bb79086e') in 0.009119 seconds 
  Import took 0.014120 seconds .

========================================================================
Received Prepare
Registering precompiled user dll's ...
Registered in 0.005066 seconds.
Begin MonoManager ReloadAssembly
Fallback handler could not load library C:/Program Files/Unity/Hub/Editor/2020.3.19f1/Editor/Data/Mono/lib/libdl
Fallback handler could not load library C:/Program Files/Unity/Hub/Editor/2020.3.19f1/Editor/Data/Mono/lib/libdl.dll
Fallback handler could not load library C:/Program Files/Unity/Hub/Editor/2020.3.19f1/Editor/Data/Mono/lib/libdl
Native extension for WindowsStandalone target not found
Refreshing native plugins compatible for Editor in 0.82 ms, found 6 plugins.
Preloading 0 native plugins for Editor in 0.00 ms.
Mono: successfully reloaded assembly
Fallback handler could not load library C:/Program Files/Unity/Hub/Editor/2020.3.19f1/Editor/Data/Mono/lib/libdl
Fallback handler could not load library C:/Program Files/Unity/Hub/Editor/2020.3.19f1/Editor/Data/Mono/lib/libdl.dll
Fallback handler could not load library C:/Program Files/Unity/Hub/Editor/2020.3.19f1/Editor/Data/Mono/lib/libdl
Fallback handler could not load library C:/Program Files/Unity/Hub/Editor/2020.3.19f1/Editor/Data/Mono/lib/libdl
Fallback handler could not load library C:/Program Files/Unity/Hub/Editor/2020.3.19f1/Editor/Data/Mono/lib/libdl.dll
Fallback handler could not load library C:/Program Files/Unity/Hub/Editor/2020.3.19f1/Editor/Data/Mono/lib/libdl
- Completed reload, in  1.192 seconds
Domain Reload Profiling:
	ReloadAssembly (1192ms)
		BeginReloadAssembly (143ms)
			ExecutionOrderSort (0ms)
			DisableScriptedObjects (5ms)
			BackupInstance (0ms)
			ReleaseScriptingObjects (0ms)
			CreateAndSetChildDomain (35ms)
		EndReloadAssembly (988ms)
			LoadAssemblies (85ms)
			RebuildTransferFunctionScriptingTraits (0ms)
			SetupTypeCache (311ms)
			ReleaseScriptCaches (1ms)
			RebuildScriptCaches (45ms)
			SetupLoadedEditorAssemblies (427ms)
				LogAssemblyErrors (0ms)
				InitializePlatformSupportModulesInManaged (5ms)
				SetLoadedEditorAssemblies (0ms)
				RefreshPlugins (1ms)
				BeforeProcessingInitializeOnLoad (89ms)
				ProcessInitializeOnLoadAttributes (322ms)
				ProcessInitializeOnLoadMethodAttributes (4ms)
				AfterProcessingInitializeOnLoad (6ms)
				EditorAssembliesLoaded (0ms)
			ExecutionOrderSort2 (0ms)
			AwakeInstancesAfterBackupRestoration (6ms)
Platform modules already initialized, skipping
Refreshing native plugins compatible for Editor in 0.85 ms, found 6 plugins.
Preloading 0 native plugins for Editor in 0.00 ms.
Unloading 2991 Unused Serialized files (Serialized files now loaded: 0)
System memory in use before: 210.1 MB.
System memory in use after: 210.3 MB.

Unloading 49 unused Assets to reduce memory usage. Loaded Objects now: 3538.
Total: 4.376700 ms (FindLiveObjects: 0.282800 ms CreateObjectMapping: 0.124400 ms MarkObjects: 3.937400 ms  DeleteObjects: 0.031000 ms)

AssetImportParameters requested are different than current active one (requested -> active):
  custom:framework-win-MediaFoundation: 216162199b28c13a410421893ffa2e32 -> 
  custom:video-decoder-ogg-theora: a1e56fd34408186e4bbccfd4996cb3dc -> 
  custom:container-muxer-webm: aa71ff27fc2769a1b78a27578f13a17b -> 
  custom:container-demuxer-webm: 4f35f7cbe854078d1ac9338744f61a02 -> 
  custom:container-demuxer-ogg: 62fdf1f143b41e24485cea50d1cbac27 -> 
  custom:video-encoder-webm-vp8: eb34c28f22e8b96e1ab97ce403110664 -> 
  custom:video-decoder-webm-vp8: 9c59270c3fd7afecdb556c50c9e8de78 -> 
  custom:audio-decoder-ogg-vorbis: bf7c407c2cedff20999df2af8eb42d56 -> 
  custom:audio-encoder-webm-vorbis: bf7c407c2cedff20999df2af8eb42d56 -> 
========================================================================
Received Prepare
Registering precompiled user dll's ...
Registered in 0.004882 seconds.
Begin MonoManager ReloadAssembly
Fallback handler could not load library C:/Program Files/Unity/Hub/Editor/2020.3.19f1/Editor/Data/Mono/lib/libdl
Fallback handler could not load library C:/Program Files/Unity/Hub/Editor/2020.3.19f1/Editor/Data/Mono/lib/libdl.dll
Fallback handler could not load library C:/Program Files/Unity/Hub/Editor/2020.3.19f1/Editor/Data/Mono/lib/libdl
Native extension for WindowsStandalone target not found
Refreshing native plugins compatible for Editor in 0.81 ms, found 6 plugins.
Preloading 0 native plugins for Editor in 0.00 ms.
Mono: successfully reloaded assembly
Fallback handler could not load library C:/Program Files/Unity/Hub/Editor/2020.3.19f1/Editor/Data/Mono/lib/libdl
Fallback handler could not load library C:/Program Files/Unity/Hub/Editor/2020.3.19f1/Editor/Data/Mono/lib/libdl.dll
Fallback handler could not load library C:/Program Files/Unity/Hub/Editor/2020.3.19f1/Editor/Data/Mono/lib/libdl
Fallback handler could not load library C:/Program Files/Unity/Hub/Editor/2020.3.19f1/Editor/Data/Mono/lib/libdl
Fallback handler could not load library C:/Program Files/Unity/Hub/Editor/2020.3.19f1/Editor/Data/Mono/lib/libdl.dll
Fallback handler could not load library C:/Program Files/Unity/Hub/Editor/2020.3.19f1/Editor/Data/Mono/lib/libdl
- Completed reload, in  1.219 seconds
Domain Reload Profiling:
	ReloadAssembly (1220ms)
		BeginReloadAssembly (170ms)
			ExecutionOrderSort (0ms)
			DisableScriptedObjects (4ms)
			BackupInstance (0ms)
			ReleaseScriptingObjects (0ms)
			CreateAndSetChildDomain (38ms)
		EndReloadAssembly (986ms)
			LoadAssemblies (85ms)
			RebuildTransferFunctionScriptingTraits (0ms)
			SetupTypeCache (300ms)
			ReleaseScriptCaches (1ms)
			RebuildScriptCaches (45ms)
			SetupLoadedEditorAssemblies (432ms)
				LogAssemblyErrors (0ms)
				InitializePlatformSupportModulesInManaged (5ms)
				SetLoadedEditorAssemblies (0ms)
				RefreshPlugins (1ms)
				BeforeProcessingInitializeOnLoad (87ms)
				ProcessInitializeOnLoadAttributes (329ms)
				ProcessInitializeOnLoadMethodAttributes (4ms)
				AfterProcessingInitializeOnLoad (6ms)
				EditorAssembliesLoaded (0ms)
			ExecutionOrderSort2 (0ms)
			AwakeInstancesAfterBackupRestoration (6ms)
Platform modules already initialized, skipping
Refreshing native plugins compatible for Editor in 0.94 ms, found 6 plugins.
Preloading 0 native plugins for Editor in 0.00 ms.
Unloading 2991 Unused Serialized files (Serialized files now loaded: 0)
System memory in use before: 210.1 MB.
System memory in use after: 210.3 MB.

Unloading 49 unused Assets to reduce memory usage. Loaded Objects now: 3540.
Total: 4.251700 ms (FindLiveObjects: 0.270700 ms CreateObjectMapping: 0.123000 ms MarkObjects: 3.833700 ms  DeleteObjects: 0.022900 ms)

AssetImportParameters requested are different than current active one (requested -> active):
  custom:framework-win-MediaFoundation: 216162199b28c13a410421893ffa2e32 -> 
  custom:video-decoder-ogg-theora: a1e56fd34408186e4bbccfd4996cb3dc -> 
  custom:container-muxer-webm: aa71ff27fc2769a1b78a27578f13a17b -> 
  custom:container-demuxer-webm: 4f35f7cbe854078d1ac9338744f61a02 -> 
  custom:container-demuxer-ogg: 62fdf1f143b41e24485cea50d1cbac27 -> 
  custom:video-encoder-webm-vp8: eb34c28f22e8b96e1ab97ce403110664 -> 
  custom:video-decoder-webm-vp8: 9c59270c3fd7afecdb556c50c9e8de78 -> 
  custom:audio-decoder-ogg-vorbis: bf7c407c2cedff20999df2af8eb42d56 -> 
  custom:audio-encoder-webm-vorbis: bf7c407c2cedff20999df2af8eb42d56 -> 
========================================================================
Received Prepare
Registering precompiled user dll's ...
Registered in 0.005073 seconds.
Begin MonoManager ReloadAssembly
Fallback handler could not load library C:/Program Files/Unity/Hub/Editor/2020.3.19f1/Editor/Data/Mono/lib/libdl
Fallback handler could not load library C:/Program Files/Unity/Hub/Editor/2020.3.19f1/Editor/Data/Mono/lib/libdl.dll
Fallback handler could not load library C:/Program Files/Unity/Hub/Editor/2020.3.19f1/Editor/Data/Mono/lib/libdl
Native extension for WindowsStandalone target not found
Refreshing native plugins compatible for Editor in 0.84 ms, found 6 plugins.
Preloading 0 native plugins for Editor in 0.00 ms.
Mono: successfully reloaded assembly
Fallback handler could not load library C:/Program Files/Unity/Hub/Editor/2020.3.19f1/Editor/Data/Mono/lib/libdl
Fallback handler could not load library C:/Program Files/Unity/Hub/Editor/2020.3.19f1/Editor/Data/Mono/lib/libdl.dll
Fallback handler could not load library C:/Program Files/Unity/Hub/Editor/2020.3.19f1/Editor/Data/Mono/lib/libdl
Fallback handler could not load library C:/Program Files/Unity/Hub/Editor/2020.3.19f1/Editor/Data/Mono/lib/libdl
Fallback handler could not load library C:/Program Files/Unity/Hub/Editor/2020.3.19f1/Editor/Data/Mono/lib/libdl.dll
Fallback handler could not load library C:/Program Files/Unity/Hub/Editor/2020.3.19f1/Editor/Data/Mono/lib/libdl
- Completed reload, in  1.194 seconds
Domain Reload Profiling:
	ReloadAssembly (1194ms)
		BeginReloadAssembly (128ms)
			ExecutionOrderSort (0ms)
			DisableScriptedObjects (4ms)
			BackupInstance (0ms)
			ReleaseScriptingObjects (0ms)
			CreateAndSetChildDomain (33ms)
		EndReloadAssembly (1008ms)
			LoadAssemblies (89ms)
			RebuildTransferFunctionScriptingTraits (0ms)
			SetupTypeCache (322ms)
			ReleaseScriptCaches (1ms)
			RebuildScriptCaches (47ms)
			SetupLoadedEditorAssemblies (425ms)
				LogAssemblyErrors (0ms)
				InitializePlatformSupportModulesInManaged (5ms)
				SetLoadedEditorAssemblies (0ms)
				RefreshPlugins (1ms)
				BeforeProcessingInitializeOnLoad (85ms)
				ProcessInitializeOnLoadAttributes (324ms)
				ProcessInitializeOnLoadMethodAttributes (4ms)
				AfterProcessingInitializeOnLoad (6ms)
				EditorAssembliesLoaded (0ms)
			ExecutionOrderSort2 (0ms)
			AwakeInstancesAfterBackupRestoration (6ms)
Platform modules already initialized, skipping
Refreshing native plugins compatible for Editor in 0.96 ms, found 6 plugins.
Preloading 0 native plugins for Editor in 0.00 ms.
Unloading 2991 Unused Serialized files (Serialized files now loaded: 0)
System memory in use before: 210.1 MB.
System memory in use after: 210.3 MB.

Unloading 49 unused Assets to reduce memory usage. Loaded Objects now: 3542.
Total: 3.605700 ms (FindLiveObjects: 0.254100 ms CreateObjectMapping: 0.170600 ms MarkObjects: 3.156700 ms  DeleteObjects: 0.023500 ms)

AssetImportParameters requested are different than current active one (requested -> active):
  custom:framework-win-MediaFoundation: 216162199b28c13a410421893ffa2e32 -> 
  custom:video-decoder-ogg-theora: a1e56fd34408186e4bbccfd4996cb3dc -> 
  custom:container-muxer-webm: aa71ff27fc2769a1b78a27578f13a17b -> 
  custom:container-demuxer-webm: 4f35f7cbe854078d1ac9338744f61a02 -> 
  custom:container-demuxer-ogg: 62fdf1f143b41e24485cea50d1cbac27 -> 
  custom:video-encoder-webm-vp8: eb34c28f22e8b96e1ab97ce403110664 -> 
  custom:video-decoder-webm-vp8: 9c59270c3fd7afecdb556c50c9e8de78 -> 
  custom:audio-decoder-ogg-vorbis: bf7c407c2cedff20999df2af8eb42d56 -> 
  custom:audio-encoder-webm-vorbis: bf7c407c2cedff20999df2af8eb42d56 -> 
========================================================================
Received Prepare
Registering precompiled user dll's ...
Registered in 0.005035 seconds.
Begin MonoManager ReloadAssembly
Fallback handler could not load library C:/Program Files/Unity/Hub/Editor/2020.3.19f1/Editor/Data/Mono/lib/libdl
Fallback handler could not load library C:/Program Files/Unity/Hub/Editor/2020.3.19f1/Editor/Data/Mono/lib/libdl.dll
Fallback handler could not load library C:/Program Files/Unity/Hub/Editor/2020.3.19f1/Editor/Data/Mono/lib/libdl
Native extension for WindowsStandalone target not found
Refreshing native plugins compatible for Editor in 0.86 ms, found 6 plugins.
Preloading 0 native plugins for Editor in 0.00 ms.
Mono: successfully reloaded assembly
Fallback handler could not load library C:/Program Files/Unity/Hub/Editor/2020.3.19f1/Editor/Data/Mono/lib/libdl
Fallback handler could not load library C:/Program Files/Unity/Hub/Editor/2020.3.19f1/Editor/Data/Mono/lib/libdl.dll
Fallback handler could not load library C:/Program Files/Unity/Hub/Editor/2020.3.19f1/Editor/Data/Mono/lib/libdl
Fallback handler could not load library C:/Program Files/Unity/Hub/Editor/2020.3.19f1/Editor/Data/Mono/lib/libdl
Fallback handler could not load library C:/Program Files/Unity/Hub/Editor/2020.3.19f1/Editor/Data/Mono/lib/libdl.dll
Fallback handler could not load library C:/Program Files/Unity/Hub/Editor/2020.3.19f1/Editor/Data/Mono/lib/libdl
- Completed reload, in  1.192 seconds
Domain Reload Profiling:
	ReloadAssembly (1192ms)
		BeginReloadAssembly (163ms)
			ExecutionOrderSort (0ms)
			DisableScriptedObjects (6ms)
			BackupInstance (0ms)
			ReleaseScriptingObjects (0ms)
			CreateAndSetChildDomain (38ms)
		EndReloadAssembly (971ms)
			LoadAssemblies (83ms)
			RebuildTransferFunctionScriptingTraits (0ms)
			SetupTypeCache (300ms)
			ReleaseScriptCaches (1ms)
			RebuildScriptCaches (45ms)
			SetupLoadedEditorAssemblies (419ms)
				LogAssemblyErrors (0ms)
				InitializePlatformSupportModulesInManaged (5ms)
				SetLoadedEditorAssemblies (0ms)
				RefreshPlugins (1ms)
				BeforeProcessingInitializeOnLoad (89ms)
				ProcessInitializeOnLoadAttributes (314ms)
				ProcessInitializeOnLoadMethodAttributes (4ms)
				AfterProcessingInitializeOnLoad (6ms)
				EditorAssembliesLoaded (0ms)
			ExecutionOrderSort2 (0ms)
			AwakeInstancesAfterBackupRestoration (6ms)
Platform modules already initialized, skipping
Refreshing native plugins compatible for Editor in 0.84 ms, found 6 plugins.
Preloading 0 native plugins for Editor in 0.00 ms.
Unloading 2991 Unused Serialized files (Serialized files now loaded: 0)
System memory in use before: 210.1 MB.
System memory in use after: 210.3 MB.

Unloading 49 unused Assets to reduce memory usage. Loaded Objects now: 3544.
Total: 3.782100 ms (FindLiveObjects: 0.273300 ms CreateObjectMapping: 0.154100 ms MarkObjects: 3.325800 ms  DeleteObjects: 0.027700 ms)

AssetImportParameters requested are different than current active one (requested -> active):
  custom:framework-win-MediaFoundation: 216162199b28c13a410421893ffa2e32 -> 
  custom:video-decoder-ogg-theora: a1e56fd34408186e4bbccfd4996cb3dc -> 
  custom:container-muxer-webm: aa71ff27fc2769a1b78a27578f13a17b -> 
  custom:container-demuxer-webm: 4f35f7cbe854078d1ac9338744f61a02 -> 
  custom:container-demuxer-ogg: 62fdf1f143b41e24485cea50d1cbac27 -> 
  custom:video-encoder-webm-vp8: eb34c28f22e8b96e1ab97ce403110664 -> 
  custom:video-decoder-webm-vp8: 9c59270c3fd7afecdb556c50c9e8de78 -> 
  custom:audio-decoder-ogg-vorbis: bf7c407c2cedff20999df2af8eb42d56 -> 
  custom:audio-encoder-webm-vorbis: bf7c407c2cedff20999df2af8eb42d56 -> 
========================================================================
Received Import Request.
  Time since last request: 559.099846 seconds.
  path: Assets/Scripts/UIInventory.cs
  artifactKey: Guid(3d63c8df2a64e1b4780af2cfbf84beb2) Importer(815301076,1909f56bfc062723c751e8b465ee728b)
Start importing Assets/Scripts/UIInventory.cs using Guid(3d63c8df2a64e1b4780af2cfbf84beb2) Importer(815301076,1909f56bfc062723c751e8b465ee728b)  -> (artifact id: '235f3e93c7b62b9b6b7cce7ac42ef8b2') in 0.013625 seconds 
  Import took 0.019267 seconds .

========================================================================
Received Import Request.
  Time since last request: 2.763573 seconds.
  path: Assets/Scripts/Inventory.cs
  artifactKey: Guid(32bbf25f05c0cc34f92e1ba9e680a99f) Importer(815301076,1909f56bfc062723c751e8b465ee728b)
Start importing Assets/Scripts/Inventory.cs using Guid(32bbf25f05c0cc34f92e1ba9e680a99f) Importer(815301076,1909f56bfc062723c751e8b465ee728b)  -> (artifact id: '4b2d73caa1912a147488bdb44cbd849c') in 0.010434 seconds 
  Import took 0.016435 seconds .

========================================================================
Received Import Request.
  Time since last request: 0.957985 seconds.
  path: Assets/Scripts/InteractiveEnemy.cs
  artifactKey: Guid(8a290622aca8c764db79243de78f0a60) Importer(815301076,1909f56bfc062723c751e8b465ee728b)
Start importing Assets/Scripts/InteractiveEnemy.cs using Guid(8a290622aca8c764db79243de78f0a60) Importer(815301076,1909f56bfc062723c751e8b465ee728b)  -> (artifact id: 'ad0dff63e23a5b2f30a7e376f219d082') in 0.010705 seconds 
  Import took 0.016641 seconds .

========================================================================
Received Import Request.
  Time since last request: 0.406555 seconds.
  path: Assets/Scripts/InputManager.cs
  artifactKey: Guid(b89c8b70d04e40f46a7392c166b3e6a7) Importer(815301076,1909f56bfc062723c751e8b465ee728b)
Start importing Assets/Scripts/InputManager.cs using Guid(b89c8b70d04e40f46a7392c166b3e6a7) Importer(815301076,1909f56bfc062723c751e8b465ee728b)  -> (artifact id: 'd16624b27349bc3f8186cc1116d120b1') in 0.011958 seconds 
  Import took 0.018091 seconds .

========================================================================
Received Import Request.
  Time since last request: 7.301961 seconds.
  path: Assets/Scripts/AssetInHand.cs
  artifactKey: Guid(3f5f2e7ac4d440541b149123b7684a05) Importer(815301076,1909f56bfc062723c751e8b465ee728b)
Start importing Assets/Scripts/AssetInHand.cs using Guid(3f5f2e7ac4d440541b149123b7684a05) Importer(815301076,1909f56bfc062723c751e8b465ee728b)  -> (artifact id: '09f9538631782ca50cbf06414dff8653') in 0.010848 seconds 
  Import took 0.016014 seconds .

========================================================================
Received Import Request.
  Time since last request: 0.614519 seconds.
  path: Assets/Scripts/Bullets.cs
  artifactKey: Guid(8dce72a721792704188e9bb1c49fea64) Importer(815301076,1909f56bfc062723c751e8b465ee728b)
Start importing Assets/Scripts/Bullets.cs using Guid(8dce72a721792704188e9bb1c49fea64) Importer(815301076,1909f56bfc062723c751e8b465ee728b)  -> (artifact id: 'b4e1fb791233ca4a46efede6bba3842f') in 0.006914 seconds 
  Import took 0.013019 seconds .

========================================================================
Received Import Request.
  Time since last request: 2.164412 seconds.
  path: Assets/Scripts/CameraFollow.cs
  artifactKey: Guid(d98d59f1080125748bf88324e0ae0bfa) Importer(815301076,1909f56bfc062723c751e8b465ee728b)
Start importing Assets/Scripts/CameraFollow.cs using Guid(d98d59f1080125748bf88324e0ae0bfa) Importer(815301076,1909f56bfc062723c751e8b465ee728b)  -> (artifact id: 'c94c907cfa0a514015da10a94903f8a5') in 0.009427 seconds 
  Import took 0.015336 seconds .

========================================================================
Received Import Request.
  Time since last request: 1.630716 seconds.
  path: Assets/Scripts/Character.cs
  artifactKey: Guid(24285163fc101a140a04c987a22e3392) Importer(815301076,1909f56bfc062723c751e8b465ee728b)
Start importing Assets/Scripts/Character.cs using Guid(24285163fc101a140a04c987a22e3392) Importer(815301076,1909f56bfc062723c751e8b465ee728b)  -> (artifact id: '142a1f39b76d0f5dc4261442f8a647db') in 0.008691 seconds 
  Import took 0.013953 seconds .

========================================================================
Received Import Request.
  Time since last request: 15.410468 seconds.
  path: Assets/Scripts/MessageBoxStates/MessageBoxOut.cs
  artifactKey: Guid(c4a786c09dc80a0428808f5c2b697007) Importer(815301076,1909f56bfc062723c751e8b465ee728b)
Start importing Assets/Scripts/MessageBoxStates/MessageBoxOut.cs using Guid(c4a786c09dc80a0428808f5c2b697007) Importer(815301076,1909f56bfc062723c751e8b465ee728b)  -> (artifact id: '64c13fb7b278ab75b655a3e842c9ba56') in 0.009864 seconds 
  Import took 0.016189 seconds .

========================================================================
Received Import Request.
  Time since last request: 1.240452 seconds.
  path: Assets/Scripts/MessageBoxStates/MessageBoxPause.cs
  artifactKey: Guid(a44ae5ec0746af443818ab449da6e86a) Importer(815301076,1909f56bfc062723c751e8b465ee728b)
Start importing Assets/Scripts/MessageBoxStates/MessageBoxPause.cs using Guid(a44ae5ec0746af443818ab449da6e86a) Importer(815301076,1909f56bfc062723c751e8b465ee728b)  -> (artifact id: '01d58226f24c942991cb37bd03d5e6f1') in 0.008117 seconds 
  Import took 0.013621 seconds .

========================================================================
Received Import Request.
  Time since last request: 0.902557 seconds.
  path: Assets/Scripts/MessageBoxStates/MessageBoxRead.cs
  artifactKey: Guid(932b1db740c7b664cb62d850442ca4c4) Importer(815301076,1909f56bfc062723c751e8b465ee728b)
Start importing Assets/Scripts/MessageBoxStates/MessageBoxRead.cs using Guid(932b1db740c7b664cb62d850442ca4c4) Importer(815301076,1909f56bfc062723c751e8b465ee728b)  -> (artifact id: 'e0020dfac68e7835760278be10540681') in 0.007156 seconds 
  Import took 0.012655 seconds .

========================================================================
Received Import Request.
  Time since last request: 2.623487 seconds.
  path: Assets/Scripts/MessageBoxStates/MessageBoxShow.cs
  artifactKey: Guid(55699a1f89ee3de4bb04cbdc06ca76ee) Importer(815301076,1909f56bfc062723c751e8b465ee728b)
Start importing Assets/Scripts/MessageBoxStates/MessageBoxShow.cs using Guid(55699a1f89ee3de4bb04cbdc06ca76ee) Importer(815301076,1909f56bfc062723c751e8b465ee728b)  -> (artifact id: '3d0402af4ca51ce76ae22740364dbe26') in 0.008030 seconds 
  Import took 0.013710 seconds .

========================================================================
Received Import Request.
  Time since last request: 0.712532 seconds.
  path: Assets/Scripts/MessageBoxStates/MessageBox.cs
  artifactKey: Guid(7e581d74dbdfa854480f027b1cd2ccc4) Importer(815301076,1909f56bfc062723c751e8b465ee728b)
Start importing Assets/Scripts/MessageBoxStates/MessageBox.cs using Guid(7e581d74dbdfa854480f027b1cd2ccc4) Importer(815301076,1909f56bfc062723c751e8b465ee728b)  -> (artifact id: 'aae0aca9724b171c18bf845fad4aeb56') in 0.007115 seconds 
  Import took 0.012550 seconds .

========================================================================
Received Import Request.
  Time since last request: 0.926214 seconds.
  path: Assets/Scripts/MessageBoxStates/MessageBoxFade.cs
  artifactKey: Guid(15a525f9e399a1245b21f837395c1bc1) Importer(815301076,1909f56bfc062723c751e8b465ee728b)
Start importing Assets/Scripts/MessageBoxStates/MessageBoxFade.cs using Guid(15a525f9e399a1245b21f837395c1bc1) Importer(815301076,1909f56bfc062723c751e8b465ee728b)  -> (artifact id: 'a40b6f5eca06cb61cbb5e41d0a68a1e4') in 0.002507 seconds 
  Import took 0.007619 seconds .

========================================================================
Received Import Request.
  Time since last request: 1.397455 seconds.
  path: Assets/Scripts/MessageBoxStates/MessageBoxState.cs
  artifactKey: Guid(08dde14a4d1c34f43b30e7fcfa38360a) Importer(815301076,1909f56bfc062723c751e8b465ee728b)
Start importing Assets/Scripts/MessageBoxStates/MessageBoxState.cs using Guid(08dde14a4d1c34f43b30e7fcfa38360a) Importer(815301076,1909f56bfc062723c751e8b465ee728b)  -> (artifact id: '4577bbc79fab4461fab363f32e3742f2') in 0.008083 seconds 
  Import took 0.014072 seconds .

========================================================================
Received Import Request.
  Time since last request: 0.555235 seconds.
  path: Assets/Scripts/MessageBoxStates/MessageBoxWriting.cs
  artifactKey: Guid(ed7e52c155b99cc47a8dbf7832788fce) Importer(815301076,1909f56bfc062723c751e8b465ee728b)
Start importing Assets/Scripts/MessageBoxStates/MessageBoxWriting.cs using Guid(ed7e52c155b99cc47a8dbf7832788fce) Importer(815301076,1909f56bfc062723c751e8b465ee728b)  -> (artifact id: 'ff535f20baa22f991711c5b7c1e28a2b') in 0.007085 seconds 
  Import took 0.013446 seconds .

========================================================================
Received Import Request.
  Time since last request: 24.801720 seconds.
  path: Assets/Scripts/Door.cs
  artifactKey: Guid(7c4fd97490a4b98418fa167703d7b25b) Importer(815301076,1909f56bfc062723c751e8b465ee728b)
Start importing Assets/Scripts/Door.cs using Guid(7c4fd97490a4b98418fa167703d7b25b) Importer(815301076,1909f56bfc062723c751e8b465ee728b)  -> (artifact id: '0787eaa7472b86b8840f983b546c6f56') in 0.009638 seconds 
  Import took 0.015040 seconds .

========================================================================
Received Import Request.
  Time since last request: 9.664338 seconds.
  path: Assets/Scripts/EnemyGrunt.cs
  artifactKey: Guid(4a7983920f0d2c74e8f437c9e74e6b80) Importer(815301076,1909f56bfc062723c751e8b465ee728b)
Start importing Assets/Scripts/EnemyGrunt.cs using Guid(4a7983920f0d2c74e8f437c9e74e6b80) Importer(815301076,1909f56bfc062723c751e8b465ee728b)  -> (artifact id: 'f8a8c67e28f2a3da98ebca834a081f35') in 0.009898 seconds 
  Import took 0.015892 seconds .

========================================================================
Received Import Request.
  Time since last request: 4.803477 seconds.
  path: Assets/Scripts/Pickup.cs
  artifactKey: Guid(81323525862942b469c3d6f34fc1d8cb) Importer(815301076,1909f56bfc062723c751e8b465ee728b)
Start importing Assets/Scripts/Pickup.cs using Guid(81323525862942b469c3d6f34fc1d8cb) Importer(815301076,1909f56bfc062723c751e8b465ee728b)  -> (artifact id: 'c5ca7c8ccdd32571f76b19c207d1a48e') in 0.008165 seconds 
  Import took 0.012937 seconds .

========================================================================
Received Import Request.
  Time since last request: 2.055233 seconds.
  path: Assets/Scripts/WeaponScript.cs
  artifactKey: Guid(f91f70bbd59daaa43ab142a9adff851c) Importer(815301076,1909f56bfc062723c751e8b465ee728b)
Start importing Assets/Scripts/WeaponScript.cs using Guid(f91f70bbd59daaa43ab142a9adff851c) Importer(815301076,1909f56bfc062723c751e8b465ee728b)  -> (artifact id: '6a64e788ebd1bac8277dd3c36e411eed') in 0.009840 seconds 
  Import took 0.016057 seconds .

========================================================================
Received Import Request.
  Time since last request: 0.620255 seconds.
  path: Assets/Scripts/RotateSkybox.cs
  artifactKey: Guid(2db7e7d9e6875e946bceb95077c3aaf7) Importer(815301076,1909f56bfc062723c751e8b465ee728b)
Start importing Assets/Scripts/RotateSkybox.cs using Guid(2db7e7d9e6875e946bceb95077c3aaf7) Importer(815301076,1909f56bfc062723c751e8b465ee728b)  -> (artifact id: '977997937f1a1de5537143748a4b84a9') in 0.009425 seconds 
  Import took 0.015428 seconds .

========================================================================
Received Prepare
Registering precompiled user dll's ...
Registered in 0.004949 seconds.
Begin MonoManager ReloadAssembly
Fallback handler could not load library C:/Program Files/Unity/Hub/Editor/2020.3.19f1/Editor/Data/Mono/lib/libdl
Fallback handler could not load library C:/Program Files/Unity/Hub/Editor/2020.3.19f1/Editor/Data/Mono/lib/libdl.dll
Fallback handler could not load library C:/Program Files/Unity/Hub/Editor/2020.3.19f1/Editor/Data/Mono/lib/libdl
Native extension for WindowsStandalone target not found
Refreshing native plugins compatible for Editor in 0.83 ms, found 6 plugins.
Preloading 0 native plugins for Editor in 0.00 ms.
Mono: successfully reloaded assembly
Fallback handler could not load library C:/Program Files/Unity/Hub/Editor/2020.3.19f1/Editor/Data/Mono/lib/libdl
Fallback handler could not load library C:/Program Files/Unity/Hub/Editor/2020.3.19f1/Editor/Data/Mono/lib/libdl.dll
Fallback handler could not load library C:/Program Files/Unity/Hub/Editor/2020.3.19f1/Editor/Data/Mono/lib/libdl
Fallback handler could not load library C:/Program Files/Unity/Hub/Editor/2020.3.19f1/Editor/Data/Mono/lib/libdl
Fallback handler could not load library C:/Program Files/Unity/Hub/Editor/2020.3.19f1/Editor/Data/Mono/lib/libdl.dll
Fallback handler could not load library C:/Program Files/Unity/Hub/Editor/2020.3.19f1/Editor/Data/Mono/lib/libdl
- Completed reload, in  1.224 seconds
Domain Reload Profiling:
	ReloadAssembly (1224ms)
		BeginReloadAssembly (148ms)
			ExecutionOrderSort (0ms)
			DisableScriptedObjects (4ms)
			BackupInstance (0ms)
			ReleaseScriptingObjects (0ms)
			CreateAndSetChildDomain (39ms)
		EndReloadAssembly (1014ms)
			LoadAssemblies (84ms)
			RebuildTransferFunctionScriptingTraits (0ms)
			SetupTypeCache (349ms)
			ReleaseScriptCaches (1ms)
			RebuildScriptCaches (43ms)
			SetupLoadedEditorAssemblies (412ms)
				LogAssemblyErrors (0ms)
				InitializePlatformSupportModulesInManaged (5ms)
				SetLoadedEditorAssemblies (0ms)
				RefreshPlugins (1ms)
				BeforeProcessingInitializeOnLoad (85ms)
				ProcessInitializeOnLoadAttributes (311ms)
				ProcessInitializeOnLoadMethodAttributes (4ms)
				AfterProcessingInitializeOnLoad (6ms)
				EditorAssembliesLoaded (0ms)
			ExecutionOrderSort2 (0ms)
			AwakeInstancesAfterBackupRestoration (6ms)
Platform modules already initialized, skipping
Refreshing native plugins compatible for Editor in 0.82 ms, found 6 plugins.
Preloading 0 native plugins for Editor in 0.00 ms.
Unloading 2991 Unused Serialized files (Serialized files now loaded: 0)
System memory in use before: 210.1 MB.
System memory in use after: 210.3 MB.

Unloading 49 unused Assets to reduce memory usage. Loaded Objects now: 3546.
Total: 3.770500 ms (FindLiveObjects: 0.281200 ms CreateObjectMapping: 0.144600 ms MarkObjects: 3.317400 ms  DeleteObjects: 0.025700 ms)

AssetImportParameters requested are different than current active one (requested -> active):
  custom:framework-win-MediaFoundation: 216162199b28c13a410421893ffa2e32 -> 
  custom:video-decoder-ogg-theora: a1e56fd34408186e4bbccfd4996cb3dc -> 
  custom:container-muxer-webm: aa71ff27fc2769a1b78a27578f13a17b -> 
  custom:container-demuxer-webm: 4f35f7cbe854078d1ac9338744f61a02 -> 
  custom:container-demuxer-ogg: 62fdf1f143b41e24485cea50d1cbac27 -> 
  custom:video-encoder-webm-vp8: eb34c28f22e8b96e1ab97ce403110664 -> 
  custom:video-decoder-webm-vp8: 9c59270c3fd7afecdb556c50c9e8de78 -> 
  custom:audio-decoder-ogg-vorbis: bf7c407c2cedff20999df2af8eb42d56 -> 
  custom:audio-encoder-webm-vorbis: bf7c407c2cedff20999df2af8eb42d56 -> 
========================================================================
Received Prepare
Registering precompiled user dll's ...
Registered in 0.005996 seconds.
Begin MonoManager ReloadAssembly
Fallback handler could not load library C:/Program Files/Unity/Hub/Editor/2020.3.19f1/Editor/Data/Mono/lib/libdl
Fallback handler could not load library C:/Program Files/Unity/Hub/Editor/2020.3.19f1/Editor/Data/Mono/lib/libdl.dll
Fallback handler could not load library C:/Program Files/Unity/Hub/Editor/2020.3.19f1/Editor/Data/Mono/lib/libdl
Native extension for WindowsStandalone target not found
Refreshing native plugins compatible for Editor in 0.82 ms, found 6 plugins.
Preloading 0 native plugins for Editor in 0.00 ms.
Mono: successfully reloaded assembly
Fallback handler could not load library C:/Program Files/Unity/Hub/Editor/2020.3.19f1/Editor/Data/Mono/lib/libdl
Fallback handler could not load library C:/Program Files/Unity/Hub/Editor/2020.3.19f1/Editor/Data/Mono/lib/libdl.dll
Fallback handler could not load library C:/Program Files/Unity/Hub/Editor/2020.3.19f1/Editor/Data/Mono/lib/libdl
Fallback handler could not load library C:/Program Files/Unity/Hub/Editor/2020.3.19f1/Editor/Data/Mono/lib/libdl
Fallback handler could not load library C:/Program Files/Unity/Hub/Editor/2020.3.19f1/Editor/Data/Mono/lib/libdl.dll
Fallback handler could not load library C:/Program Files/Unity/Hub/Editor/2020.3.19f1/Editor/Data/Mono/lib/libdl
- Completed reload, in  1.193 seconds
Domain Reload Profiling:
	ReloadAssembly (1194ms)
		BeginReloadAssembly (167ms)
			ExecutionOrderSort (0ms)
			DisableScriptedObjects (4ms)
			BackupInstance (0ms)
			ReleaseScriptingObjects (0ms)
			CreateAndSetChildDomain (34ms)
		EndReloadAssembly (969ms)
			LoadAssemblies (82ms)
			RebuildTransferFunctionScriptingTraits (0ms)
			SetupTypeCache (308ms)
			ReleaseScriptCaches (1ms)
			RebuildScriptCaches (44ms)
			SetupLoadedEditorAssemblies (415ms)
				LogAssemblyErrors (0ms)
				InitializePlatformSupportModulesInManaged (5ms)
				SetLoadedEditorAssemblies (0ms)
				RefreshPlugins (1ms)
				BeforeProcessingInitializeOnLoad (87ms)
				ProcessInitializeOnLoadAttributes (313ms)
				ProcessInitializeOnLoadMethodAttributes (4ms)
				AfterProcessingInitializeOnLoad (6ms)
				EditorAssembliesLoaded (0ms)
			ExecutionOrderSort2 (0ms)
			AwakeInstancesAfterBackupRestoration (6ms)
Platform modules already initialized, skipping
Refreshing native plugins compatible for Editor in 0.86 ms, found 6 plugins.
Preloading 0 native plugins for Editor in 0.00 ms.
Unloading 2991 Unused Serialized files (Serialized files now loaded: 0)
System memory in use before: 210.1 MB.
System memory in use after: 210.3 MB.

Unloading 49 unused Assets to reduce memory usage. Loaded Objects now: 3548.
Total: 4.365400 ms (FindLiveObjects: 0.269600 ms CreateObjectMapping: 0.128800 ms MarkObjects: 3.938800 ms  DeleteObjects: 0.027500 ms)

AssetImportParameters requested are different than current active one (requested -> active):
  custom:framework-win-MediaFoundation: 216162199b28c13a410421893ffa2e32 -> 
  custom:video-decoder-ogg-theora: a1e56fd34408186e4bbccfd4996cb3dc -> 
  custom:container-muxer-webm: aa71ff27fc2769a1b78a27578f13a17b -> 
  custom:container-demuxer-webm: 4f35f7cbe854078d1ac9338744f61a02 -> 
  custom:container-demuxer-ogg: 62fdf1f143b41e24485cea50d1cbac27 -> 
  custom:video-encoder-webm-vp8: eb34c28f22e8b96e1ab97ce403110664 -> 
  custom:video-decoder-webm-vp8: 9c59270c3fd7afecdb556c50c9e8de78 -> 
  custom:audio-decoder-ogg-vorbis: bf7c407c2cedff20999df2af8eb42d56 -> 
  custom:audio-encoder-webm-vorbis: bf7c407c2cedff20999df2af8eb42d56 -> 
========================================================================
Received Prepare
Registering precompiled user dll's ...
Registered in 0.005484 seconds.
Begin MonoManager ReloadAssembly
Fallback handler could not load library C:/Program Files/Unity/Hub/Editor/2020.3.19f1/Editor/Data/Mono/lib/libdl
Fallback handler could not load library C:/Program Files/Unity/Hub/Editor/2020.3.19f1/Editor/Data/Mono/lib/libdl.dll
Fallback handler could not load library C:/Program Files/Unity/Hub/Editor/2020.3.19f1/Editor/Data/Mono/lib/libdl
Native extension for WindowsStandalone target not found
Refreshing native plugins compatible for Editor in 0.82 ms, found 6 plugins.
Preloading 0 native plugins for Editor in 0.00 ms.
Mono: successfully reloaded assembly
Fallback handler could not load library C:/Program Files/Unity/Hub/Editor/2020.3.19f1/Editor/Data/Mono/lib/libdl
Fallback handler could not load library C:/Program Files/Unity/Hub/Editor/2020.3.19f1/Editor/Data/Mono/lib/libdl.dll
Fallback handler could not load library C:/Program Files/Unity/Hub/Editor/2020.3.19f1/Editor/Data/Mono/lib/libdl
Fallback handler could not load library C:/Program Files/Unity/Hub/Editor/2020.3.19f1/Editor/Data/Mono/lib/libdl
Fallback handler could not load library C:/Program Files/Unity/Hub/Editor/2020.3.19f1/Editor/Data/Mono/lib/libdl.dll
Fallback handler could not load library C:/Program Files/Unity/Hub/Editor/2020.3.19f1/Editor/Data/Mono/lib/libdl
- Completed reload, in  1.216 seconds
Domain Reload Profiling:
	ReloadAssembly (1216ms)
		BeginReloadAssembly (161ms)
			ExecutionOrderSort (0ms)
			DisableScriptedObjects (5ms)
			BackupInstance (0ms)
			ReleaseScriptingObjects (0ms)
			CreateAndSetChildDomain (34ms)
		EndReloadAssembly (987ms)
			LoadAssemblies (88ms)
			RebuildTransferFunctionScriptingTraits (0ms)
			SetupTypeCache (307ms)
			ReleaseScriptCaches (1ms)
			RebuildScriptCaches (44ms)
			SetupLoadedEditorAssemblies (428ms)
				LogAssemblyErrors (0ms)
				InitializePlatformSupportModulesInManaged (5ms)
				SetLoadedEditorAssemblies (0ms)
				RefreshPlugins (1ms)
				BeforeProcessingInitializeOnLoad (90ms)
				ProcessInitializeOnLoadAttributes (322ms)
				ProcessInitializeOnLoadMethodAttributes (4ms)
				AfterProcessingInitializeOnLoad (6ms)
				EditorAssembliesLoaded (0ms)
			ExecutionOrderSort2 (0ms)
			AwakeInstancesAfterBackupRestoration (6ms)
Platform modules already initialized, skipping
Refreshing native plugins compatible for Editor in 0.96 ms, found 6 plugins.
Preloading 0 native plugins for Editor in 0.00 ms.
Unloading 2991 Unused Serialized files (Serialized files now loaded: 0)
System memory in use before: 210.1 MB.
System memory in use after: 210.3 MB.

Unloading 49 unused Assets to reduce memory usage. Loaded Objects now: 3550.
Total: 3.992700 ms (FindLiveObjects: 0.273900 ms CreateObjectMapping: 0.122400 ms MarkObjects: 3.562400 ms  DeleteObjects: 0.032900 ms)

AssetImportParameters requested are different than current active one (requested -> active):
  custom:framework-win-MediaFoundation: 216162199b28c13a410421893ffa2e32 -> 
  custom:video-decoder-ogg-theora: a1e56fd34408186e4bbccfd4996cb3dc -> 
  custom:container-muxer-webm: aa71ff27fc2769a1b78a27578f13a17b -> 
  custom:container-demuxer-webm: 4f35f7cbe854078d1ac9338744f61a02 -> 
  custom:container-demuxer-ogg: 62fdf1f143b41e24485cea50d1cbac27 -> 
  custom:video-encoder-webm-vp8: eb34c28f22e8b96e1ab97ce403110664 -> 
  custom:video-decoder-webm-vp8: 9c59270c3fd7afecdb556c50c9e8de78 -> 
  custom:audio-decoder-ogg-vorbis: bf7c407c2cedff20999df2af8eb42d56 -> 
  custom:audio-encoder-webm-vorbis: bf7c407c2cedff20999df2af8eb42d56 -> 
========================================================================
Received Prepare
Registering precompiled user dll's ...
Registered in 0.005090 seconds.
Begin MonoManager ReloadAssembly
Fallback handler could not load library C:/Program Files/Unity/Hub/Editor/2020.3.19f1/Editor/Data/Mono/lib/libdl
Fallback handler could not load library C:/Program Files/Unity/Hub/Editor/2020.3.19f1/Editor/Data/Mono/lib/libdl.dll
Fallback handler could not load library C:/Program Files/Unity/Hub/Editor/2020.3.19f1/Editor/Data/Mono/lib/libdl
Native extension for WindowsStandalone target not found
Refreshing native plugins compatible for Editor in 0.82 ms, found 6 plugins.
Preloading 0 native plugins for Editor in 0.00 ms.
Mono: successfully reloaded assembly
Fallback handler could not load library C:/Program Files/Unity/Hub/Editor/2020.3.19f1/Editor/Data/Mono/lib/libdl
Fallback handler could not load library C:/Program Files/Unity/Hub/Editor/2020.3.19f1/Editor/Data/Mono/lib/libdl.dll
Fallback handler could not load library C:/Program Files/Unity/Hub/Editor/2020.3.19f1/Editor/Data/Mono/lib/libdl
Fallback handler could not load library C:/Program Files/Unity/Hub/Editor/2020.3.19f1/Editor/Data/Mono/lib/libdl
Fallback handler could not load library C:/Program Files/Unity/Hub/Editor/2020.3.19f1/Editor/Data/Mono/lib/libdl.dll
Fallback handler could not load library C:/Program Files/Unity/Hub/Editor/2020.3.19f1/Editor/Data/Mono/lib/libdl
- Completed reload, in  1.201 seconds
Domain Reload Profiling:
	ReloadAssembly (1201ms)
		BeginReloadAssembly (176ms)
			ExecutionOrderSort (0ms)
			DisableScriptedObjects (4ms)
			BackupInstance (0ms)
			ReleaseScriptingObjects (0ms)
			CreateAndSetChildDomain (33ms)
		EndReloadAssembly (963ms)
			LoadAssemblies (84ms)
			RebuildTransferFunctionScriptingTraits (0ms)
			SetupTypeCache (300ms)
			ReleaseScriptCaches (1ms)
			RebuildScriptCaches (44ms)
			SetupLoadedEditorAssemblies (417ms)
				LogAssemblyErrors (0ms)
				InitializePlatformSupportModulesInManaged (5ms)
				SetLoadedEditorAssemblies (0ms)
				RefreshPlugins (1ms)
				BeforeProcessingInitializeOnLoad (87ms)
				ProcessInitializeOnLoadAttributes (314ms)
				ProcessInitializeOnLoadMethodAttributes (4ms)
				AfterProcessingInitializeOnLoad (6ms)
				EditorAssembliesLoaded (0ms)
			ExecutionOrderSort2 (0ms)
			AwakeInstancesAfterBackupRestoration (6ms)
Platform modules already initialized, skipping
Refreshing native plugins compatible for Editor in 0.90 ms, found 6 plugins.
Preloading 0 native plugins for Editor in 0.00 ms.
Unloading 2991 Unused Serialized files (Serialized files now loaded: 0)
System memory in use before: 210.1 MB.
System memory in use after: 210.3 MB.

Unloading 49 unused Assets to reduce memory usage. Loaded Objects now: 3552.
Total: 4.324200 ms (FindLiveObjects: 0.277100 ms CreateObjectMapping: 0.118200 ms MarkObjects: 3.901100 ms  DeleteObjects: 0.026700 ms)

AssetImportParameters requested are different than current active one (requested -> active):
  custom:framework-win-MediaFoundation: 216162199b28c13a410421893ffa2e32 -> 
  custom:video-decoder-ogg-theora: a1e56fd34408186e4bbccfd4996cb3dc -> 
  custom:container-muxer-webm: aa71ff27fc2769a1b78a27578f13a17b -> 
  custom:container-demuxer-webm: 4f35f7cbe854078d1ac9338744f61a02 -> 
  custom:container-demuxer-ogg: 62fdf1f143b41e24485cea50d1cbac27 -> 
  custom:video-encoder-webm-vp8: eb34c28f22e8b96e1ab97ce403110664 -> 
  custom:video-decoder-webm-vp8: 9c59270c3fd7afecdb556c50c9e8de78 -> 
  custom:audio-decoder-ogg-vorbis: bf7c407c2cedff20999df2af8eb42d56 -> 
  custom:audio-encoder-webm-vorbis: bf7c407c2cedff20999df2af8eb42d56 -> 
========================================================================
Received Prepare
Registering precompiled user dll's ...
Registered in 0.004943 seconds.
Begin MonoManager ReloadAssembly
Fallback handler could not load library C:/Program Files/Unity/Hub/Editor/2020.3.19f1/Editor/Data/Mono/lib/libdl
Fallback handler could not load library C:/Program Files/Unity/Hub/Editor/2020.3.19f1/Editor/Data/Mono/lib/libdl.dll
Fallback handler could not load library C:/Program Files/Unity/Hub/Editor/2020.3.19f1/Editor/Data/Mono/lib/libdl
Native extension for WindowsStandalone target not found
Refreshing native plugins compatible for Editor in 0.85 ms, found 6 plugins.
Preloading 0 native plugins for Editor in 0.00 ms.
Mono: successfully reloaded assembly
Fallback handler could not load library C:/Program Files/Unity/Hub/Editor/2020.3.19f1/Editor/Data/Mono/lib/libdl
Fallback handler could not load library C:/Program Files/Unity/Hub/Editor/2020.3.19f1/Editor/Data/Mono/lib/libdl.dll
Fallback handler could not load library C:/Program Files/Unity/Hub/Editor/2020.3.19f1/Editor/Data/Mono/lib/libdl
Fallback handler could not load library C:/Program Files/Unity/Hub/Editor/2020.3.19f1/Editor/Data/Mono/lib/libdl
Fallback handler could not load library C:/Program Files/Unity/Hub/Editor/2020.3.19f1/Editor/Data/Mono/lib/libdl.dll
Fallback handler could not load library C:/Program Files/Unity/Hub/Editor/2020.3.19f1/Editor/Data/Mono/lib/libdl
- Completed reload, in  1.188 seconds
Domain Reload Profiling:
	ReloadAssembly (1189ms)
		BeginReloadAssembly (170ms)
			ExecutionOrderSort (0ms)
			DisableScriptedObjects (4ms)
			BackupInstance (0ms)
			ReleaseScriptingObjects (0ms)
			CreateAndSetChildDomain (35ms)
		EndReloadAssembly (956ms)
			LoadAssemblies (84ms)
			RebuildTransferFunctionScriptingTraits (0ms)
			SetupTypeCache (299ms)
			ReleaseScriptCaches (1ms)
			RebuildScriptCaches (43ms)
			SetupLoadedEditorAssemblies (410ms)
				LogAssemblyErrors (0ms)
				InitializePlatformSupportModulesInManaged (5ms)
				SetLoadedEditorAssemblies (0ms)
				RefreshPlugins (1ms)
				BeforeProcessingInitializeOnLoad (88ms)
				ProcessInitializeOnLoadAttributes (306ms)
				ProcessInitializeOnLoadMethodAttributes (4ms)
				AfterProcessingInitializeOnLoad (6ms)
				EditorAssembliesLoaded (0ms)
			ExecutionOrderSort2 (0ms)
			AwakeInstancesAfterBackupRestoration (6ms)
Platform modules already initialized, skipping
Refreshing native plugins compatible for Editor in 0.87 ms, found 6 plugins.
Preloading 0 native plugins for Editor in 0.00 ms.
Unloading 2991 Unused Serialized files (Serialized files now loaded: 0)
System memory in use before: 210.1 MB.
System memory in use after: 210.3 MB.

Unloading 49 unused Assets to reduce memory usage. Loaded Objects now: 3554.
Total: 3.697900 ms (FindLiveObjects: 0.280400 ms CreateObjectMapping: 0.151500 ms MarkObjects: 3.240300 ms  DeleteObjects: 0.024900 ms)

AssetImportParameters requested are different than current active one (requested -> active):
  custom:framework-win-MediaFoundation: 216162199b28c13a410421893ffa2e32 -> 
  custom:video-decoder-ogg-theora: a1e56fd34408186e4bbccfd4996cb3dc -> 
  custom:container-muxer-webm: aa71ff27fc2769a1b78a27578f13a17b -> 
  custom:container-demuxer-webm: 4f35f7cbe854078d1ac9338744f61a02 -> 
  custom:container-demuxer-ogg: 62fdf1f143b41e24485cea50d1cbac27 -> 
  custom:video-encoder-webm-vp8: eb34c28f22e8b96e1ab97ce403110664 -> 
  custom:video-decoder-webm-vp8: 9c59270c3fd7afecdb556c50c9e8de78 -> 
  custom:audio-decoder-ogg-vorbis: bf7c407c2cedff20999df2af8eb42d56 -> 
  custom:audio-encoder-webm-vorbis: bf7c407c2cedff20999df2af8eb42d56 -> 
AssetImportWorkerClient::OnTransportError - code=2 error=End of file
