Using pre-set license
Built from '2020.3/staging' branch; Version is '2020.3.19f1 (68f137dc9bbe) revision 6877495'; Using compiler version '192528614'; Build Type 'Release'
OS: 'Windows 10 Home; OS build 22000.318; Version 2009; 64bit' Language: 'en' Physical Memory: 16230 MB
BatchMode: 1, IsHumanControllingUs: 0, StartBugReporterOnCrash: 0, Is64bit: 1, IsPro: 0

COMMAND LINE ARGUMENTS:
C:\Program Files\Unity\Hub\Editor\2020.3.19f1\Editor\Unity.exe
-adb2
-batchMode
-noUpm
-name
AssetImportWorker0
-projectPath
C:/Users/Axel/UnityProjects/Game3D
-logFile
Logs/AssetImportWorker0.log
-srvPort
61205
Successfully changed project path to: C:/Users/Axel/UnityProjects/Game3D
C:/Users/Axel/UnityProjects/Game3D
Using Asset Import Pipeline V2.
Refreshing native plugins compatible for Editor in 111.64 ms, found 6 plugins.
Preloading 0 native plugins for Editor in 0.00 ms.
Initialize engine version: 2020.3.19f1 (68f137dc9bbe)
[Subsystems] Discovering subsystems at path C:/Program Files/Unity/Hub/Editor/2020.3.19f1/Editor/Data/Resources/UnitySubsystems
[Subsystems] Discovering subsystems at path C:/Users/Axel/UnityProjects/Game3D/Assets
GfxDevice: creating device client; threaded=0
Direct3D:
    Version:  Direct3D 11.0 [level 11.1]
    Renderer: NVIDIA GeForce GTX 1650 with Max-Q Design (ID=0x1f91)
    Vendor:   
    VRAM:     3962 MB
    Driver:   30.0.14.9676
Initialize mono
Mono path[0] = 'C:/Program Files/Unity/Hub/Editor/2020.3.19f1/Editor/Data/Managed'
Mono path[1] = 'C:/Program Files/Unity/Hub/Editor/2020.3.19f1/Editor/Data/MonoBleedingEdge/lib/mono/unityjit'
Mono config path = 'C:/Program Files/Unity/Hub/Editor/2020.3.19f1/Editor/Data/MonoBleedingEdge/etc'
Using monoOptions --debugger-agent=transport=dt_socket,embedding=1,server=y,suspend=n,address=127.0.0.1:56480
Begin MonoManager ReloadAssembly
Registering precompiled unity dll's ...
Register platform support module: C:/Program Files/Unity/Hub/Editor/2020.3.19f1/Editor/Data/PlaybackEngines/WebGLSupport/UnityEditor.WebGL.Extensions.dll
Register platform support module: C:/Program Files/Unity/Hub/Editor/2020.3.19f1/Editor/Data/PlaybackEngines/WindowsStandaloneSupport/UnityEditor.WindowsStandalone.Extensions.dll
Registered in 0.001779 seconds.
Native extension for WindowsStandalone target not found
Native extension for WebGL target not found
Refreshing native plugins compatible for Editor in 78.84 ms, found 6 plugins.
Preloading 0 native plugins for Editor in 0.00 ms.
Mono: successfully reloaded assembly
- Completed reload, in  1.763 seconds
Domain Reload Profiling:
	ReloadAssembly (1763ms)
		BeginReloadAssembly (63ms)
			ExecutionOrderSort (0ms)
			DisableScriptedObjects (0ms)
			BackupInstance (0ms)
			ReleaseScriptingObjects (0ms)
			CreateAndSetChildDomain (1ms)
		EndReloadAssembly (536ms)
			LoadAssemblies (61ms)
			RebuildTransferFunctionScriptingTraits (0ms)
			SetupTypeCache (183ms)
			ReleaseScriptCaches (0ms)
			RebuildScriptCaches (44ms)
			SetupLoadedEditorAssemblies (229ms)
				LogAssemblyErrors (0ms)
				InitializePlatformSupportModulesInManaged (6ms)
				SetLoadedEditorAssemblies (0ms)
				RefreshPlugins (79ms)
				BeforeProcessingInitializeOnLoad (20ms)
				ProcessInitializeOnLoadAttributes (91ms)
				ProcessInitializeOnLoadMethodAttributes (33ms)
				AfterProcessingInitializeOnLoad (0ms)
				EditorAssembliesLoaded (0ms)
			ExecutionOrderSort2 (0ms)
			AwakeInstancesAfterBackupRestoration (0ms)
Platform modules already initialized, skipping
Registering precompiled user dll's ...
Registered in 0.003905 seconds.
Begin MonoManager ReloadAssembly
Native extension for WindowsStandalone target not found
Native extension for WebGL target not found
Refreshing native plugins compatible for Editor in 76.32 ms, found 6 plugins.
Preloading 0 native plugins for Editor in 0.00 ms.
Mono: successfully reloaded assembly
- Completed reload, in  2.454 seconds
Domain Reload Profiling:
	ReloadAssembly (2455ms)
		BeginReloadAssembly (173ms)
			ExecutionOrderSort (0ms)
			DisableScriptedObjects (6ms)
			BackupInstance (0ms)
			ReleaseScriptingObjects (0ms)
			CreateAndSetChildDomain (22ms)
		EndReloadAssembly (2210ms)
			LoadAssemblies (106ms)
			RebuildTransferFunctionScriptingTraits (0ms)
			SetupTypeCache (422ms)
			ReleaseScriptCaches (1ms)
			RebuildScriptCaches (74ms)
			SetupLoadedEditorAssemblies (1441ms)
				LogAssemblyErrors (0ms)
				InitializePlatformSupportModulesInManaged (5ms)
				SetLoadedEditorAssemblies (0ms)
				RefreshPlugins (76ms)
				BeforeProcessingInitializeOnLoad (111ms)
				ProcessInitializeOnLoadAttributes (1239ms)
				ProcessInitializeOnLoadMethodAttributes (5ms)
				AfterProcessingInitializeOnLoad (5ms)
				EditorAssembliesLoaded (0ms)
			ExecutionOrderSort2 (0ms)
			AwakeInstancesAfterBackupRestoration (9ms)
Platform modules already initialized, skipping
========================================================================
Worker process is ready to serve import requests
Launched and connected shader compiler UnityShaderCompiler.exe after 0.07 seconds
Refreshing native plugins compatible for Editor in 1.04 ms, found 6 plugins.
Preloading 0 native plugins for Editor in 0.00 ms.
Unloading 3251 Unused Serialized files (Serialized files now loaded: 0)
System memory in use before: 224.9 MB.
System memory in use after: 225.2 MB.

Unloading 52 unused Assets to reduce memory usage. Loaded Objects now: 3681.
Total: 4.964600 ms (FindLiveObjects: 0.381400 ms CreateObjectMapping: 0.217600 ms MarkObjects: 4.313100 ms  DeleteObjects: 0.051100 ms)

AssetImportParameters requested are different than current active one (requested -> active):
  custom:framework-win-MediaFoundation: 216162199b28c13a410421893ffa2e32 -> 
  custom:video-decoder-ogg-theora: a1e56fd34408186e4bbccfd4996cb3dc -> 
  custom:container-muxer-webm: aa71ff27fc2769a1b78a27578f13a17b -> 
  custom:container-demuxer-webm: 4f35f7cbe854078d1ac9338744f61a02 -> 
  custom:container-demuxer-ogg: 62fdf1f143b41e24485cea50d1cbac27 -> 
  custom:video-encoder-webm-vp8: eb34c28f22e8b96e1ab97ce403110664 -> 
  custom:video-decoder-webm-vp8: 9c59270c3fd7afecdb556c50c9e8de78 -> 
  custom:audio-decoder-ogg-vorbis: bf7c407c2cedff20999df2af8eb42d56 -> 
  custom:audio-encoder-webm-vorbis: bf7c407c2cedff20999df2af8eb42d56 -> 
========================================================================
Received Import Request.
  path: Assets/Special FX Shaders/Models/Materials/Material.001.mat
  artifactKey: Guid(d09fa39fd1071024681251460e6e51b5) Importer(815301076,1909f56bfc062723c751e8b465ee728b)
Start importing Assets/Special FX Shaders/Models/Materials/Material.001.mat using Guid(d09fa39fd1071024681251460e6e51b5) Importer(815301076,1909f56bfc062723c751e8b465ee728b)  -> (artifact id: '6677aea817f6975fa02205f78c86e8a4') in 0.141745 seconds 
  Import took 0.148299 seconds .

========================================================================
Received Import Request.
  Time since last request: 0.000332 seconds.
  path: Assets/Images/UI/MaskMaterial.mat
  artifactKey: Guid(665d3ca85a572414cb7b91adeeaa78db) Importer(815301076,1909f56bfc062723c751e8b465ee728b)
Start importing Assets/Images/UI/MaskMaterial.mat using Guid(665d3ca85a572414cb7b91adeeaa78db) Importer(815301076,1909f56bfc062723c751e8b465ee728b)  -> (artifact id: 'a61654e44c447b23767f865e33ea34b5') in 0.025903 seconds 
  Import took 0.033672 seconds .

========================================================================
Received Import Request.
  Time since last request: 0.000253 seconds.
  path: Assets/Special FX Shaders/Animated FX Shaders/Mesh AFXS/Materials/Material__untitled.mat
  artifactKey: Guid(eb84371f14ac8294d8ed46b7b7e5274b) Importer(815301076,1909f56bfc062723c751e8b465ee728b)
Start importing Assets/Special FX Shaders/Animated FX Shaders/Mesh AFXS/Materials/Material__untitled.mat using Guid(eb84371f14ac8294d8ed46b7b7e5274b) Importer(815301076,1909f56bfc062723c751e8b465ee728b)  -> (artifact id: 'e597934676caecec409302b6a5dc381d') in 0.028490 seconds 
  Import took 0.037140 seconds .

========================================================================
Received Import Request.
  Time since last request: 0.000343 seconds.
  path: Assets/Special FX Shaders/Animated FX Shaders/Materials AFXS/Magic/M1.mat
  artifactKey: Guid(0aadeea8f8f879342ba4464156912c49) Importer(815301076,1909f56bfc062723c751e8b465ee728b)
Start importing Assets/Special FX Shaders/Animated FX Shaders/Materials AFXS/Magic/M1.mat using Guid(0aadeea8f8f879342ba4464156912c49) Importer(815301076,1909f56bfc062723c751e8b465ee728b)  -> (artifact id: 'c7b5a7ecc5305269052dc9f5ee9e87f8') in 0.030188 seconds 
  Import took 0.038027 seconds .

========================================================================
Received Import Request.
  Time since last request: 0.000298 seconds.
  path: Assets/Special FX Shaders/Animated FX Shaders/Materials AFXS/Magic/M3.mat
  artifactKey: Guid(0cf2c466477d8c6478b9750d78809d39) Importer(815301076,1909f56bfc062723c751e8b465ee728b)
Start importing Assets/Special FX Shaders/Animated FX Shaders/Materials AFXS/Magic/M3.mat using Guid(0cf2c466477d8c6478b9750d78809d39) Importer(815301076,1909f56bfc062723c751e8b465ee728b)  -> (artifact id: 'e04e792cd9556ea83cc89a287ccd8314') in 0.038818 seconds 
  Import took 0.046509 seconds .

========================================================================
Received Import Request.
  Time since last request: 0.000206 seconds.
  path: Assets/Special FX Shaders/Animated FX Shaders/Materials AFXS/Magic/M2.mat
  artifactKey: Guid(2eeb66e826411e54b9ab15836a392e72) Importer(815301076,1909f56bfc062723c751e8b465ee728b)
Start importing Assets/Special FX Shaders/Animated FX Shaders/Materials AFXS/Magic/M2.mat using Guid(2eeb66e826411e54b9ab15836a392e72) Importer(815301076,1909f56bfc062723c751e8b465ee728b)  -> (artifact id: 'e6ac43314399c067a33ba163c30a3548') in 0.024984 seconds 
  Import took 0.034547 seconds .

========================================================================
Received Import Request.
  Time since last request: 0.000241 seconds.
  path: Assets/Models/CaniwulfChibi/Material.mat
  artifactKey: Guid(0b0743a14469bee40a06d2e228542cb0) Importer(815301076,1909f56bfc062723c751e8b465ee728b)
Start importing Assets/Models/CaniwulfChibi/Material.mat using Guid(0b0743a14469bee40a06d2e228542cb0) Importer(815301076,1909f56bfc062723c751e8b465ee728b)  -> (artifact id: '39c42c36e7c217ad249b40e4fe8ab90a') in 0.070182 seconds 
  Import took 0.078511 seconds .

========================================================================
Received Prepare
Registering precompiled user dll's ...
Registered in 0.005382 seconds.
Begin MonoManager ReloadAssembly
Native extension for WindowsStandalone target not found
Native extension for WebGL target not found
Refreshing native plugins compatible for Editor in 1.15 ms, found 6 plugins.
Preloading 0 native plugins for Editor in 0.00 ms.
Mono: successfully reloaded assembly
- Completed reload, in  2.501 seconds
Domain Reload Profiling:
	ReloadAssembly (2502ms)
		BeginReloadAssembly (218ms)
			ExecutionOrderSort (0ms)
			DisableScriptedObjects (8ms)
			BackupInstance (0ms)
			ReleaseScriptingObjects (0ms)
			CreateAndSetChildDomain (73ms)
		EndReloadAssembly (2170ms)
			LoadAssemblies (176ms)
			RebuildTransferFunctionScriptingTraits (0ms)
			SetupTypeCache (586ms)
			ReleaseScriptCaches (1ms)
			RebuildScriptCaches (68ms)
			SetupLoadedEditorAssemblies (1134ms)
				LogAssemblyErrors (0ms)
				InitializePlatformSupportModulesInManaged (10ms)
				SetLoadedEditorAssemblies (1ms)
				RefreshPlugins (1ms)
				BeforeProcessingInitializeOnLoad (178ms)
				ProcessInitializeOnLoadAttributes (921ms)
				ProcessInitializeOnLoadMethodAttributes (9ms)
				AfterProcessingInitializeOnLoad (12ms)
				EditorAssembliesLoaded (1ms)
			ExecutionOrderSort2 (0ms)
			AwakeInstancesAfterBackupRestoration (17ms)
Platform modules already initialized, skipping
Refreshing native plugins compatible for Editor in 1.40 ms, found 6 plugins.
Preloading 0 native plugins for Editor in 0.00 ms.
Unloading 3147 Unused Serialized files (Serialized files now loaded: 0)
System memory in use before: 218.3 MB.
System memory in use after: 218.6 MB.

Unloading 49 unused Assets to reduce memory usage. Loaded Objects now: 3723.
Total: 6.354000 ms (FindLiveObjects: 0.479200 ms CreateObjectMapping: 0.275400 ms MarkObjects: 5.508100 ms  DeleteObjects: 0.089000 ms)

AssetImportParameters requested are different than current active one (requested -> active):
  custom:framework-win-MediaFoundation: 216162199b28c13a410421893ffa2e32 -> 
  custom:video-decoder-ogg-theora: a1e56fd34408186e4bbccfd4996cb3dc -> 
  custom:container-muxer-webm: aa71ff27fc2769a1b78a27578f13a17b -> 
  custom:container-demuxer-webm: 4f35f7cbe854078d1ac9338744f61a02 -> 
  custom:container-demuxer-ogg: 62fdf1f143b41e24485cea50d1cbac27 -> 
  custom:video-encoder-webm-vp8: eb34c28f22e8b96e1ab97ce403110664 -> 
  custom:video-decoder-webm-vp8: 9c59270c3fd7afecdb556c50c9e8de78 -> 
  custom:audio-decoder-ogg-vorbis: bf7c407c2cedff20999df2af8eb42d56 -> 
  custom:audio-encoder-webm-vorbis: bf7c407c2cedff20999df2af8eb42d56 -> 
