
=== Wed Jul  7 19:17:22 2021

Packages were changed.
Update Mode: updateDependencies

The following packages were updated:
  com.unity.ide.visualstudio from version 2.0.8 to 2.0.9
  com.unity.test-framework from version 1.1.24 to 1.1.26

=== Sat Aug 14 15:59:45 2021

Packages were changed.
Update Mode: updateDependencies

The following packages were updated:
  com.unity.collab-proxy from version 1.5.7 to 1.7.1
  com.unity.ide.visualstudio from version 2.0.9 to 2.0.11
  com.unity.test-framework from version 1.1.26 to 1.1.27

=== Sun Aug 15 20:05:32 2021

Packages were changed.
Update Mode: resetToDefaultDependencies

The following packages were removed:
  com.unity.animation.rigging@1.0.3

=== Wed Oct  6 16:03:58 2021

Packages were changed.
Update Mode: updateDependencies

The following packages were updated:
  com.unity.collab-proxy from version 1.7.1 to 1.9.0
  com.unity.ide.vscode from version 1.2.3 to 1.2.4
  com.unity.shadergraph from version 10.5.1 to 10.6.0
  com.unity.test-framework from version 1.1.27 to 1.1.29

=== Sun Jul 17 19:47:33 2022

Packages were changed.
Update Mode: updateDependencies

The following packages were updated:
  com.unity.collab-proxy from version 1.9.0 to 1.15.17
  com.unity.ide.visualstudio from version 2.0.11 to 2.0.15
  com.unity.ide.vscode from version 1.2.4 to 1.2.5
  com.unity.render-pipelines.universal from version 10.6.0 to 10.9.0
  com.unity.shadergraph from version 10.6.0 to 10.9.0
  com.unity.test-framework from version 1.1.29 to 1.1.31

=== Mon Jul 18 02:41:40 2022

Packages were changed.
Update Mode: updateDependencies

The following packages were updated:
  com.unity.collab-proxy from version 1.15.17 to 1.15.18

=== Wed Aug 17 21:18:17 2022

Packages were changed.
Update Mode: updateDependencies

The following packages were updated:
  com.unity.animation.rigging from version 1.0.3 to 1.1.1
  com.unity.cinemachine from version 2.6.11 to 2.8.6
  com.unity.collab-proxy from version 1.15.18 to 1.17.1
  com.unity.ide.rider from version 2.0.7 to 3.0.15
  com.unity.ide.visualstudio from version 2.0.15 to 2.0.16
  com.unity.postprocessing from version 3.1.1 to 3.2.2
  com.unity.render-pipelines.universal from version 10.9.0 to 12.1.7
  com.unity.shadergraph from version 10.9.0 to 12.1.7
  com.unity.timeline from version 1.4.8 to 1.6.4

=== Tue Jun 27 16:29:04 2023

Packages were changed.
Update Mode: updateDependencies

The following packages were added:
  com.unity.ai.navigation@1.1.3
The following packages were updated:
  com.unity.animation.rigging from version 1.1.1 to 1.2.1
  com.unity.cinemachine from version 2.8.6 to 2.9.5
  com.unity.collab-proxy from version 1.17.1 to 2.0.5
  com.unity.ide.rider from version 3.0.15 to 3.0.24
  com.unity.ide.visualstudio from version 2.0.16 to 2.0.18
  com.unity.render-pipelines.universal from version 12.1.7 to 14.0.8
  com.unity.shadergraph from version 12.1.7 to 14.0.8
  com.unity.test-framework from version 1.1.31 to 1.1.33
  com.unity.timeline from version 1.6.4 to 1.7.4
